*level 1 trace
*File name: CardLog.log
*Date : 21.07.2022 16:25:10
*Start of log file
Acquisition 1
ATR - 3B 69 00 00 4A 4A 43 4F 50 32 31 56 32
IFD - 00 A4 04 00 07 A0 00 00 00 04 10 10
ICC - 6F 59 84 07 A0 00 00 00 04 10 10 A5 4E 50 0A 4D
***** 41 53 54 45 52 43 41 52 44 5F 2D 06 65 6E 64 65
***** 66 72 87 01 01 9F 11 01 01 9F 12 0A 4D 61 73 74
***** 65 72 43 61 72 64 BF 0C 22 5F 50 1F 46 49 4D 45
***** 20 5C 2A 2F 20 4D 2D 54 49 50 20 30 36 20 31 35
***** 41 20 52 31 20 5C 2A 2F 20 76 36 90 00
IFD - 80 A8 00 00 02 83 00
ICC - 77 26 82 02 30 00 94 20 08 02 02 01 10 02 02 00
***** 10 03 03 00 10 04 04 00 10 05 05 00 10 06 06 00
***** 10 07 07 00 20 01 01 00 90 00
IFD - 00 B2 02 0C 00
ICC - 70 37 5A 08 54 13 33 00 89 02 00 11 5F 24 03 25
***** 12 31 5F 25 03 04 01 01 5F 34 01 03 9F 07 02 FF
***** 00 9F 0D 05 FC 50 A0 00 00 9F 0E 05 00 00 00 00
***** 00 9F 0F 05 F8 70 A4 98 00 90 00
IFD - 00 B2 02 14 00
ICC - 70 81 BC 8F 01 F1 90 81 B0 19 BB 43 21 13 F7 B7
***** 97 AF 76 61 F0 50 46 3E C5 F0 4C 3D 1C 99 83 A5
***** DB 77 CB C7 BE F6 AA 7C 8F A5 C5 7C 27 21 FC 6B
***** 0F D4 DD F6 C0 BF 10 1D C8 8B AE 88 40 69 82 D9
***** D5 A6 04 18 89 C2 26 B8 81 72 B1 33 95 A2 56 3D
***** 5E 22 BB 5D 19 A5 D0 B3 40 1E 51 98 3A 9B F8 60
***** 6F 8B FF D6 0E D5 E4 0A 4F 84 BC B9 2A A7 A0 47
***** 8D 31 23 49 6D A3 05 4E F1 EF D2 0C 62 51 52 31
***** FC 9D 78 C2 C1 E7 01 EB 41 55 30 3F 92 8B 9E 07
***** 1E A3 BE C4 70 95 71 D4 CC CD 8E 26 9A 2A 53 A1
***** 11 B6 1C F4 8C 38 3B 84 07 61 4D 1E 70 03 97 0B
***** E7 7F 4B 88 06 B9 E7 B5 C6 92 00 9F 32 01 03 90
***** 00
IFD - 00 B2 03 14 00
ICC - 70 81 83 93 81 80 1A 0F 51 1D B4 A0 B0 7E F2 AB
***** 8A 4D 89 0C 63 1C CF 55 EE 7F 3B FA 30 0A 86 68
***** 47 60 34 8D 6D 57 BD A3 1B AF 34 AB DD 9F AE 66
***** 30 4B 39 04 7F 27 07 5E A6 C1 FF DD 53 BF AE 3A
***** 9A 02 5C 24 91 2C D5 36 6A DB B1 99 CA 93 ED F2
***** FB 5A 70 14 71 71 B7 E4 0B 7B 2A EB 0A 74 88 7B
***** F4 5F E6 EC 0E 34 0E 7F BD BC F7 A4 AE 15 5A 6E
***** 61 51 35 62 B7 20 F5 5E 74 31 6B 1F 78 20 DE FA
***** FB 39 6F A9 03 42 90 00
IFD - 00 B2 04 14 00
ICC - 70 40 8C 20 9F 02 06 9F 03 06 9F 1A 02 95 05 5F
***** 2A 02 9A 03 9C 01 9F 37 04 9F 35 01 9F 45 02 9F
***** 34 03 9B 02 8D 08 91 0A 8A 02 95 05 9B 02 8E 12
***** 00 00 00 00 00 00 00 00 42 01 41 03 42 03 1E 03
***** 1F 00 90 00
IFD - 00 B2 05 14 00
ICC - 70 04 9F 4A 01 82 90 00
IFD - 00 B2 06 14 00
ICC - 70 3C 57 11 54 13 33 00 89 02 00 11 D2 51 26 01
***** 07 93 60 80 5F 5F 28 02 00 56 5F 30 02 06 01 9F
***** 08 02 00 02 9F 20 05 07 93 60 80 5F 9F 3B 02 09
***** 78 9F 42 02 09 78 9F 43 01 02 9F 44 01 00 90 00
IFD - 00 B2 07 14 00
ICC - 70 11 5F 20 0E 4D 54 49 50 30 36 20 4D 43 44 20
***** 31 35 41 90 00
IFD - 00 B2 01 24 00
ICC - 70 81 9B 9F 46 81 80 90 67 29 C2 79 51 9E 19 24
***** E4 7F A7 54 AA CB 81 72 9C 43 5D 1D 60 71 99 CD
***** 16 77 E8 13 E6 09 EE 53 18 5E 7D EC 26 EC 28 E9
***** E7 7F 37 20 ED 8D DE 6D 84 CF 5A F6 C7 6A 8E D2
***** AA 9C A2 60 6F 6E 47 9D E6 43 6F 40 7F 5D 9B D7
***** 20 87 77 64 2B 1C 8C 1D 31 BB BB 26 5B A7 EF E7
***** AF E2 B9 67 B3 F1 B8 CC C6 55 78 6B 84 27 53 6F
***** C0 60 6C 8D 7D F1 3C 2D FB 0C DF 3B 16 38 5C FA
***** 86 40 86 7B 42 41 9F 9F 47 01 03 9F 48 0A 00 00
***** 00 00 00 00 00 00 00 55 9F 49 03 9F 37 04 90 00
IFD - 80 AE 80 00 25 00 00 00 01 40 00 00 00 00 00 00
***** 00 01 12 80 00 04 80 00 09 33 22 07 21 01 60 56
***** AC ED 14 00 00 42 01 00 48 00
ICC - 77 29 9F 27 01 80 9F 36 02 00 27 9F 26 08 02 70
***** 0E A2 92 D8 CA FE 9F 10 12 02 10 A0 00 0F 24 04
***** 00 00 00 00 00 00 00 00 00 00 FF 90 00
IFD - 80 AE 40 00 13 80 34 66 DD 27 6F 45 1B 00 12 30
***** 30 80 00 04 80 00 68 00
ICC - 77 29 9F 27 01 40 9F 36 02 00 27 9F 26 08 B6 F4
***** C7 AA 39 4C 1B 1E 9F 10 12 02 10 60 10 0F 24 00
***** 00 00 00 00 00 00 00 00 00 00 FF 90 00
IFD - 00 A4 04 00 0B A0 00 00 03 97 43 49 44 5F 01 00
ICC - 6A 82
IFD - 00 A4 04 00 09 A0 00 00 03 08 00 00 10 00
ICC - 6A 82
IFD - 00 A4 04 00 09 A0 00 00 03 97 42 54 46 59
ICC - 6A 82
IFD - 00 A4 04 00 0B A0 00 00 03 97 43 49 44 5F 01 00
ICC - 6A 82
IFD - 00 A4 04 00 09 A0 00 00 03 08 00 00 10 00
ICC - 6A 82
IFD - 00 A4 04 00 09 A0 00 00 03 97 42 54 46 59
ICC - 6A 82
IFD - 00 A4 04 00 0B A0 00 00 03 97 43 49 44 5F 01 00
ICC - 6A 82
IFD - 00 A4 04 00 09 A0 00 00 03 08 00 00 10 00
ICC - 6A 82
IFD - 00 A4 04 00 09 A0 00 00 03 97 42 54 46 59
ICC - 6A 82
IFD - 00 A4 04 00 0B A0 00 00 03 97 43 49 44 5F 01 00
ICC - 6A 82
IFD - 00 A4 04 00 09 A0 00 00 03 08 00 00 10 00
ICC - 6A 82
IFD - 00 A4 04 00 09 A0 00 00 03 97 42 54 46 59
ICC - 6A 82
IFD - 00 A4 04 00 0B A0 00 00 03 97 43 49 44 5F 01 00
ICC - 6A 82
IFD - 00 A4 04 00 09 A0 00 00 03 08 00 00 10 00
ICC - 6A 82
IFD - 00 A4 04 00 09 A0 00 00 03 97 42 54 46 59
ICC - 6A 82
*End of log file
*Checksum:a9efda767459553bea41bb98c4c68aa7fe62408c1035231299