*level 1 trace
*File name: CardLog.log
*Date : 22.07.2022 10:57:00
*Start of log file
Acquisition 1
ATR - 3B 69 00 00 4A 4A 43 4F 50 32 31 56 32
IFD - 00 A4 04 00 08 A0 00 00 00 04 10 10 02
ICC - 6F 57 84 08 A0 00 00 00 04 10 10 02 A5 4B 50 0A
***** 4D 41 53 54 45 52 43 41 52 44 5F 2D 06 65 6E 64
***** 65 66 72 87 01 02 9F 11 01 01 9F 12 0A 4D 61 73
***** 74 65 72 43 61 72 64 BF 0C 1F 5F 50 1C 46 69 6D
***** 65 20 5C 2A 2F 20 4D 2D 54 49 50 20 30 38 20 31
***** 33 41 20 5C 2A 2F 20 76 32 90 00
IFD - 80 A8 00 00 02 83 00
ICC - 77 26 82 02 58 00 94 20 08 01 01 01 10 02 02 00
***** 10 03 03 00 10 04 04 00 10 05 05 00 10 06 06 00
***** 10 07 07 00 20 01 01 00 90 00
IFD - 00 B2 01 0C 00
ICC - 70 37 5A 08 54 13 33 00 89 02 00 45 5F 24 03 25
***** 12 31 5F 25 03 04 01 01 5F 34 01 03 9F 07 02 FF
***** 00 9F 0D 05 FC 50 A0 00 00 9F 0E 05 00 00 00 00
***** 00 9F 0F 05 F8 70 A4 98 00 90 00
IFD - 00 B2 02 14 00
ICC - 70 81 BC 8F 01 F1 90 81 B0 19 BB 43 21 13 F7 B7
***** 97 AF 76 61 F0 50 46 3E C5 F0 4C 3D 1C 99 83 A5
***** DB 77 CB C7 BE F6 AA 7C 8F A5 C5 7C 27 21 FC 6B
***** 0F D4 DD F6 C0 BF 10 1D C8 8B AE 88 40 69 82 D9
***** D5 A6 04 18 89 C2 26 B8 81 72 B1 33 95 A2 56 3D
***** 5E 22 BB 5D 19 A5 D0 B3 40 1E 51 98 3A 9B F8 60
***** 6F 8B FF D6 0E D5 E4 0A 4F 84 BC B9 2A A7 A0 47
***** 8D 31 23 49 6D A3 05 4E F1 EF D2 0C 62 51 52 31
***** FC 9D 78 C2 C1 E7 01 EB 41 55 30 3F 92 8B 9E 07
***** 1E A3 BE C4 70 95 71 D4 CC CD 8E 26 9A 2A 53 A1
***** 11 B6 1C F4 8C 38 3B 84 07 61 4D 1E 70 03 97 0B
***** E7 7F 4B 88 06 B9 E7 B5 C6 92 00 9F 32 01 03 90
***** 00
IFD - 00 B2 03 14 00
ICC - 70 81 83 93 81 80 14 50 5D B1 4A 0C C6 55 59 29
***** D1 EF A7 65 53 32 69 C2 50 77 71 5D 4D A4 59 C3
***** C7 8D D1 8B 8E 87 00 93 5D C9 A3 B2 2F D8 D3 BE
***** 10 14 EC 21 F8 CF 2F A2 25 FC F4 0C A4 49 A9 E8
***** 42 4A 2E 1C 49 F0 CD 73 CF 4B 43 A7 31 2B 32 56
***** AB F7 2A 2A 3D C1 0B EE 89 A0 C7 22 45 1B 75 52
***** 68 97 F3 A8 2A 60 FE C8 90 06 63 58 C4 02 70 19
***** D2 70 44 74 42 B1 35 9A EC C4 08 F3 2A FA 19 11
***** 89 6F 09 C6 72 FB 90 00
IFD - 00 B2 04 14 00
ICC - 70 3E 8C 20 9F 02 06 9F 03 06 9F 1A 02 95 05 5F
***** 2A 02 9A 03 9C 01 9F 37 04 9F 35 01 9F 45 02 9F
***** 34 03 9B 02 8D 08 91 0A 8A 02 95 05 9B 02 8E 10
***** 00 00 00 00 00 00 00 00 41 03 42 03 1E 03 1F 00
***** 90 00
IFD - 00 B2 05 14 00
ICC - 70 04 9F 4A 01 82 90 00
IFD - 00 B2 06 14 00
ICC - 70 3C 57 11 54 13 33 00 89 02 00 45 D2 51 22 01
***** 01 94 60 02 7F 5F 28 02 00 56 5F 30 02 02 01 9F
***** 08 02 00 02 9F 20 05 01 94 60 02 7F 9F 3B 02 09
***** 78 9F 42 02 09 78 9F 43 01 02 9F 44 01 00 90 00
IFD - 00 B2 07 14 00
ICC - 70 13 5F 20 10 4D 54 49 50 30 38 2D 32 20 4D 43
***** 44 20 31 33 41 90 00
IFD - 00 B2 01 24 00
ICC - 70 81 95 9F 46 81 80 5B CE AB E9 65 C9 4E 90 A0
***** C7 AD 8D 68 7A E3 94 FC DD A9 D4 1C 9B 4B DB 6B
***** A2 FD 3F 40 C3 16 A8 2C 4A AD 49 CB DB 49 00 48
***** 8E 61 00 D6 B3 7E 31 1F C9 1E 00 B5 A4 97 B1 31
***** 22 B5 29 22 B2 68 C5 5E F6 01 A1 64 25 93 49 D6
***** E9 4F DD 31 BA D6 D0 A1 63 FE 59 9F 1F C5 DC B0
***** 4D C1 87 22 56 7F 93 F2 53 87 28 F1 25 E9 17 F0
***** C1 6F 8E 19 68 4C 68 C7 35 9B D7 7D 97 EC FB 03
***** D8 CF B2 D3 D3 73 8B 9F 47 01 03 9F 48 0A 00 00
***** 00 00 00 00 00 00 00 55 90 00
IFD - 80 AE 80 00 25 00 00 00 00 10 00 00 00 00 00 00
***** 00 01 12 80 00 04 80 00 09 33 22 07 22 01 93 36
***** 4E AD 14 00 00 42 03 00 48 00
ICC - 77 29 9F 27 01 80 9F 36 02 00 4C 9F 26 08 0C 46
***** B0 37 02 B8 14 75 9F 10 12 02 10 A0 00 0F 24 00
***** 00 00 00 00 00 00 00 00 00 00 FF 90 00
IFD - 80 AE 40 00 13 1D C3 29 FF 53 D6 A1 D4 00 12 30
***** 30 80 00 04 80 00 68 00
ICC - 77 29 9F 27 01 40 9F 36 02 00 4C 9F 26 08 9E BB
***** 09 E3 B6 02 8F AF 9F 10 12 02 10 60 10 0F 24 00
***** 00 00 00 00 00 00 00 00 00 00 FF 90 00
IFD - 00 A4 04 00 0B A0 00 00 03 97 43 49 44 5F 01 00
ICC - 6A 82
IFD - 00 A4 04 00 09 A0 00 00 03 08 00 00 10 00
ICC - 6A 82
IFD - 00 A4 04 00 09 A0 00 00 03 97 42 54 46 59
ICC - 6A 82
IFD - 00 A4 04 00 0B A0 00 00 03 97 43 49 44 5F 01 00
ICC - 6A 82
IFD - 00 A4 04 00 09 A0 00 00 03 08 00 00 10 00
ICC - 6A 82
IFD - 00 A4 04 00 09 A0 00 00 03 97 42 54 46 59
ICC - 6A 82
IFD - 00 A4 04 00 0B A0 00 00 03 97 43 49 44 5F 01 00
ICC - 6A 82
IFD - 00 A4 04 00 09 A0 00 00 03 08 00 00 10 00
ICC - 6A 82
IFD - 00 A4 04 00 09 A0 00 00 03 97 42 54 46 59
ICC - 6A 82
IFD - 00 A4 04 00 0B A0 00 00 03 97 43 49 44 5F 01 00
ICC - 6A 82
IFD - 00 A4 04 00 09 A0 00 00 03 08 00 00 10 00
ICC - 6A 82
IFD - 00 A4 04 00 09 A0 00 00 03 97 42 54 46 59
ICC - 6A 82
IFD - 00 A4 04 00 0B A0 00 00 03 97 43 49 44 5F 01 00
ICC - 6A 82
IFD - 00 A4 04 00 09 A0 00 00 03 08 00 00 10 00
ICC - 6A 82
IFD - 00 A4 04 00 09 A0 00 00 03 97 42 54 46 59
ICC - 6A 82
*End of log file
*Checksum:d1a9053e8ccbfba44e0a3f270f559035c6861f871035231299