*level 1 trace
*File name: CardLog.log
*Date : 22.07.2022 11:43:27
*Start of log file
Acquisition 1
ATR - 3B 69 00 00 4A 4A 43 4F 50 32 31 56 32
IFD - 00 A4 04 00 07 A0 00 00 00 04 30 60
ICC - 6F 50 84 07 A0 00 00 00 04 30 60 A5 45 50 07 4D
***** 41 45 53 54 52 4F 5F 2D 06 65 6E 64 65 66 72 87
***** 01 02 9F 11 01 01 9F 12 07 4D 61 65 73 74 72 6F
***** BF 0C 1F 5F 50 1C 46 69 6D 65 20 5C 2A 2F 20 4D
***** 2D 54 49 50 20 31 32 20 31 33 41 20 5C 2A 2F 20
***** 76 32 90 00
IFD - 80 A8 00 00 02 83 00
ICC - 77 26 82 02 78 00 94 20 08 01 01 01 10 02 02 00
***** 10 03 03 00 10 04 04 00 10 05 05 00 10 06 06 00
***** 10 07 07 00 20 01 01 00 90 00
IFD - 00 B2 01 0C 00
ICC - 70 39 5A 0A 67 99 99 89 00 00 02 00 05 1F 5F 24
***** 03 25 12 31 5F 25 03 04 01 01 5F 34 01 12 9F 07
***** 02 FF 00 9F 0D 05 FC 50 A0 00 00 9F 0E 05 00 00
***** 00 00 00 9F 0F 05 F8 70 A4 98 00 90 00
IFD - 00 B2 02 14 00
ICC - 70 81 BC 8F 01 F1 90 81 B0 36 DB 29 86 7C FF C5
***** E4 63 3F 76 BA 23 AA DE 7E A0 DC 6F C4 E5 6D EC
***** 37 9F 76 EB 8B 9C 86 96 DC 71 AA 8A 66 29 80 CC
***** E0 5F 36 8C 64 4F 06 A0 EB BC 25 6F B7 CD A6 FC
***** 31 78 05 30 AC 5C 69 F8 59 9A C0 1B 63 A7 A1 AA
***** 89 75 87 FE 7B 73 50 80 6A 7C CF 3E 1F 25 14 BE
***** AA 93 DF DC BE A2 EA D6 F1 7E 5B CB 1A 64 C6 BA
***** 61 3E 61 3C 24 2C 59 EE BD AE 5D 01 4C A9 4E 92
***** 03 A2 30 A5 87 9C 50 A9 B1 8A 41 55 04 E0 04 0B
***** B1 73 82 00 50 93 F9 F0 00 34 99 55 29 7F 4A DD
***** 0F 6F A1 86 03 15 32 7C 39 3C 24 D7 D0 40 DE 58
***** D0 F8 43 BC 2B 47 67 CB 25 92 00 9F 32 01 03 90
***** 00
IFD - 00 B2 03 14 00
ICC - 70 81 83 93 81 80 3C F2 FA A1 06 F7 7C 48 14 8B
***** 6A BE C0 DA 96 80 A0 F3 2A DF 71 46 81 E2 F1 87
***** F0 19 6C DA DD 45 CD CB 64 A0 2C 5D 87 C1 AA D9
***** CB 6C 84 A5 4A CD 8D B2 C5 1C D5 C5 F8 53 9D 75
***** E0 1D B6 7B 87 A1 04 6F 5E 00 3A 72 D5 F2 A2 66
***** 4F D2 D1 F7 9A 67 73 F1 FC 70 F6 C5 A4 D7 F9 54
***** 04 9D 28 4D 64 99 AE 2E A8 43 5F 29 3E DB EB 3A
***** A9 5B C1 E1 CE 90 8C 8D 3A 90 72 7C 58 D9 66 38
***** 2D E5 37 E8 52 D8 90 00
IFD - 00 B2 04 14 00
ICC - 70 3A 8C 20 9F 02 06 9F 03 06 9F 1A 02 95 05 5F
***** 2A 02 9A 03 9C 01 9F 37 04 9F 35 01 9F 45 02 9F
***** 34 03 9B 02 8D 08 91 0A 8A 02 95 05 9B 02 8E 0C
***** 00 00 00 00 00 00 00 00 41 03 42 03 90 00
IFD - 00 B2 05 14 00
ICC - 70 04 9F 4A 01 82 90 00
IFD - 00 B2 06 14 00
ICC - 70 3D 57 12 67 99 99 89 00 00 02 00 05 1D 25 12
***** 22 00 80 81 07 90 5F 28 02 00 56 5F 30 02 02 20
***** 9F 08 02 00 02 9F 20 05 08 08 10 79 0F 9F 3B 02
***** 09 78 9F 42 02 09 78 9F 43 01 02 9F 44 01 00 90
***** 00
IFD - 00 B2 07 14 00
ICC - 70 15 5F 20 12 4D 54 49 50 31 32 20 4D 41 45 53
***** 54 52 4F 20 31 33 41 90 00
IFD - 00 B2 01 24 00
ICC - 70 81 9B 9F 46 81 80 53 13 2D 5B BD 1F 18 D4 18
***** 45 62 DD B1 99 C8 61 FF E9 75 48 F3 E6 87 21 46
***** C6 F9 2C 35 E8 4E 53 48 C3 56 44 BE 84 AB 4B 39
***** 32 95 77 C7 1D 78 CE C2 34 C2 5A 8E DB E7 AE 2E
***** B8 99 16 51 FE 9D 15 01 58 DD 79 90 98 BF A3 66
***** 59 EC 9A 1A 8F 2A 69 32 D1 67 5A 95 03 5B F3 09
***** 1C 73 41 7C 10 B3 1E F9 4A EA 89 BC FD 51 B6 BF
***** D6 D8 C8 4C D9 24 4B F3 05 73 4B F4 C0 15 79 07
***** D6 69 63 E3 B6 55 2B 9F 47 01 03 9F 48 0A 00 00
***** 00 00 00 00 00 00 00 55 9F 49 03 9F 37 04 90 00
IFD - 80 AE 80 00 25 00 00 00 00 10 00 00 00 00 00 00
***** 00 01 12 80 00 04 80 00 09 33 22 07 22 01 63 A8
***** BF 08 14 00 00 42 03 00 48 00
ICC - 77 29 9F 27 01 80 9F 36 02 00 6E 9F 26 08 20 51
***** AE 9C 27 45 16 A4 9F 10 12 02 10 A0 00 0F 24 00
***** 00 00 00 00 00 00 00 00 00 00 FF 90 00
IFD - 80 AE 40 00 13 A3 A5 1D 96 06 CC BC 0B 00 12 30
***** 30 80 00 04 80 00 68 00
ICC - 77 29 9F 27 01 40 9F 36 02 00 6E 9F 26 08 45 13
***** 78 3D DD 3B A8 37 9F 10 12 02 10 60 10 0F 24 00
***** 00 00 00 00 00 00 00 00 00 00 FF 90 00
IFD - 00 A4 04 00 0B A0 00 00 03 97 43 49 44 5F 01 00
ICC - 6A 82
IFD - 00 A4 04 00 09 A0 00 00 03 08 00 00 10 00
ICC - 6A 82
IFD - 00 A4 04 00 09 A0 00 00 03 97 42 54 46 59
ICC - 6A 82
IFD - 00 A4 04 00 0B A0 00 00 03 97 43 49 44 5F 01 00
ICC - 6A 82
IFD - 00 A4 04 00 09 A0 00 00 03 08 00 00 10 00
ICC - 6A 82
IFD - 00 A4 04 00 09 A0 00 00 03 97 42 54 46 59
ICC - 6A 82
IFD - 00 A4 04 00 0B A0 00 00 03 97 43 49 44 5F 01 00
ICC - 6A 82
IFD - 00 A4 04 00 09 A0 00 00 03 08 00 00 10 00
ICC - 6A 82
IFD - 00 A4 04 00 09 A0 00 00 03 97 42 54 46 59
ICC - 6A 82
IFD - 00 A4 04 00 0B A0 00 00 03 97 43 49 44 5F 01 00
ICC - 6A 82
IFD - 00 A4 04 00 09 A0 00 00 03 08 00 00 10 00
ICC - 6A 82
IFD - 00 A4 04 00 09 A0 00 00 03 97 42 54 46 59
ICC - 6A 82
IFD - 00 A4 04 00 0B A0 00 00 03 97 43 49 44 5F 01 00
ICC - 6A 82
IFD - 00 A4 04 00 09 A0 00 00 03 08 00 00 10 00
ICC - 6A 82
IFD - 00 A4 04 00 09 A0 00 00 03 97 42 54 46 59
ICC - 6A 82
*End of log file
*Checksum:2c816020851db7b3d5345de55cd51f9581fa66701035231299