*level 1 trace
*File name: CardLog.log
*Date : 22.07.2022 11:47:25
*Start of log file
Acquisition 1
ATR - 3B 69 00 00 4A 4A 43 4F 50 32 31 56 32
IFD - 00 A4 04 00 07 A0 00 00 00 04 10 10
ICC - 6F 56 84 07 A0 00 00 00 04 10 10 A5 4B 50 0A 4D
***** 41 53 54 45 52 43 41 52 44 5F 2D 06 65 6E 64 65
***** 66 72 87 01 01 9F 11 01 01 9F 12 0A 4D 61 73 74
***** 65 72 43 61 72 64 BF 0C 1F 5F 50 1C 46 69 6D 65
***** 20 5C 2A 2F 20 4D 2D 54 49 50 20 31 32 20 31 33
***** 41 20 5C 2A 2F 20 76 32 90 00
IFD - 80 A8 00 00 02 83 00
ICC - 77 26 82 02 78 00 94 20 08 01 01 01 10 02 02 00
***** 10 03 03 00 10 04 04 00 10 05 05 00 10 06 06 00
***** 10 07 07 00 20 01 01 00 90 00
IFD - 00 B2 01 0C 00
ICC - 70 37 5A 08 54 13 33 00 89 02 00 60 5F 24 03 25
***** 12 31 5F 25 03 04 01 01 5F 34 01 11 9F 07 02 FF
***** 00 9F 0D 05 FC 50 A0 00 00 9F 0E 05 00 00 00 00
***** 00 9F 0F 05 F8 70 A4 98 00 90 00
IFD - 00 B2 02 14 00
ICC - 70 81 BC 8F 01 F1 90 81 B0 19 BB 43 21 13 F7 B7
***** 97 AF 76 61 F0 50 46 3E C5 F0 4C 3D 1C 99 83 A5
***** DB 77 CB C7 BE F6 AA 7C 8F A5 C5 7C 27 21 FC 6B
***** 0F D4 DD F6 C0 BF 10 1D C8 8B AE 88 40 69 82 D9
***** D5 A6 04 18 89 C2 26 B8 81 72 B1 33 95 A2 56 3D
***** 5E 22 BB 5D 19 A5 D0 B3 40 1E 51 98 3A 9B F8 60
***** 6F 8B FF D6 0E D5 E4 0A 4F 84 BC B9 2A A7 A0 47
***** 8D 31 23 49 6D A3 05 4E F1 EF D2 0C 62 51 52 31
***** FC 9D 78 C2 C1 E7 01 EB 41 55 30 3F 92 8B 9E 07
***** 1E A3 BE C4 70 95 71 D4 CC CD 8E 26 9A 2A 53 A1
***** 11 B6 1C F4 8C 38 3B 84 07 61 4D 1E 70 03 97 0B
***** E7 7F 4B 88 06 B9 E7 B5 C6 92 00 9F 32 01 03 90
***** 00
IFD - 00 B2 03 14 00
ICC - 70 81 83 93 81 80 11 3B EE F4 15 10 64 1B DF AE
***** 4F 82 C4 96 24 B8 26 86 B9 16 1B B8 5F 7E 20 C6
***** AA 07 7A F2 39 11 42 C1 8D 9A 1D AC 25 D2 9F 45
***** 0B 49 48 05 64 43 60 38 52 7C B1 1B FA 3B 0D AB
***** 15 25 55 1D 7B DB 71 ED 5A F2 03 4B 4E 3A 95 F6
***** 50 B2 01 BC 0A EF 35 01 41 C2 0E 72 1D 50 85 2C
***** D9 37 BB FE 99 6D E7 6E 40 2C D0 23 15 8B 92 89
***** 80 22 6C E7 64 A3 54 6F ED C9 A4 DA F8 3D 09 01
***** E7 FF FD E5 22 AA 90 00
IFD - 00 B2 04 14 00
ICC - 70 3E 8C 20 9F 02 06 9F 03 06 9F 1A 02 95 05 5F
***** 2A 02 9A 03 9C 01 9F 37 04 9F 35 01 9F 45 02 9F
***** 34 03 9B 02 8D 08 91 0A 8A 02 95 05 9B 02 8E 10
***** 00 00 00 00 00 00 00 00 41 03 42 03 1E 03 1F 00
***** 90 00
IFD - 00 B2 05 14 00
ICC - 70 04 9F 4A 01 82 90 00
IFD - 00 B2 06 14 00
ICC - 70 3C 57 11 54 13 33 00 89 02 00 60 D2 51 22 01
***** 03 02 70 38 9F 5F 28 02 00 56 5F 30 02 02 01 9F
***** 08 02 00 02 9F 20 05 03 02 70 38 9F 9F 3B 02 09
***** 78 9F 42 02 09 78 9F 43 01 02 9F 44 01 00 90 00
IFD - 00 B2 07 14 00
ICC - 70 11 5F 20 0E 4D 54 49 50 31 32 20 4D 43 44 20
***** 31 33 41 90 00
IFD - 00 B2 01 24 00
ICC - 70 81 9B 9F 46 81 80 3A 1B AD 46 50 3B 63 A2 A2
***** 63 C9 FD 1C A1 91 4D 1A 79 16 C0 42 38 8A AB 7B
***** 98 53 3E 2D 93 91 1E A8 55 74 AB FA 79 22 2B 4B
***** E8 AE B5 2E E7 8F C8 89 07 91 2D 81 17 4A 97 AC
***** 72 7D 23 7D AF 04 1E 2E D6 C6 F3 91 05 F0 00 19
***** C5 70 30 59 82 A2 D4 34 49 D0 BC 8C 40 26 27 2A
***** BB F9 B9 F0 57 A0 0E 35 77 08 E8 0F CA 03 87 D2
***** 7B 97 FE DE B1 33 2B EC 65 DA 12 69 81 20 B1 9E
***** B7 7C 48 2F 91 B6 5B 9F 47 01 03 9F 48 0A 00 00
***** 00 00 00 00 00 00 00 55 9F 49 03 9F 37 04 90 00
IFD - 80 AE 80 00 25 00 00 00 00 00 00 00 00 00 00 00
***** 00 01 12 80 00 04 80 00 09 33 22 07 22 70 B5 F6
***** DE BA 14 00 00 42 03 00 48 00
ICC - 77 29 9F 27 01 80 9F 36 02 00 7F 9F 26 08 5B 0F
***** 98 C4 ED 0D B7 7F 9F 10 12 02 10 A0 00 0F 24 00
***** 00 00 00 00 00 00 00 00 00 00 FF 90 00
IFD - 84 24 00 02 10 25 12 34 5F FF FF FF FF 11 22 33
***** 44 55 66 77 88
ICC - 69 82
IFD - 80 AE 00 00 13 5D 28 24 A7 5E FA A2 81 00 12 38
***** 35 80 00 04 80 20 6C 00
ICC - 69 85
IFD - 00 A4 04 00 0B A0 00 00 03 97 43 49 44 5F 01 00
ICC - 6A 82
IFD - 00 A4 04 00 09 A0 00 00 03 08 00 00 10 00
ICC - 6A 82
IFD - 00 A4 04 00 09 A0 00 00 03 97 42 54 46 59
ICC - 6A 82
IFD - 00 A4 04 00 0B A0 00 00 03 97 43 49 44 5F 01 00
ICC - 6A 82
IFD - 00 A4 04 00 09 A0 00 00 03 08 00 00 10 00
ICC - 6A 82
IFD - 00 A4 04 00 09 A0 00 00 03 97 42 54 46 59
ICC - 6A 82
IFD - 00 A4 04 00 0B A0 00 00 03 97 43 49 44 5F 01 00
ICC - 6A 82
IFD - 00 A4 04 00 09 A0 00 00 03 08 00 00 10 00
ICC - 6A 82
IFD - 00 A4 04 00 09 A0 00 00 03 97 42 54 46 59
ICC - 6A 82
IFD - 00 A4 04 00 0B A0 00 00 03 97 43 49 44 5F 01 00
ICC - 6A 82
IFD - 00 A4 04 00 09 A0 00 00 03 08 00 00 10 00
ICC - 6A 82
IFD - 00 A4 04 00 09 A0 00 00 03 97 42 54 46 59
ICC - 6A 82
IFD - 00 A4 04 00 0B A0 00 00 03 97 43 49 44 5F 01 00
ICC - 6A 82
IFD - 00 A4 04 00 09 A0 00 00 03 08 00 00 10 00
ICC - 6A 82
IFD - 00 A4 04 00 09 A0 00 00 03 97 42 54 46 59
ICC - 6A 82
*End of log file
*Checksum:b5db326b0acd73c5e90805e4bb9b22471ab2e29c1035231299