*level 1 trace
*File name: CardLog.log
*Date : 22.07.2022 11:53:50
*Start of log file
Acquisition 1
ATR - 3B 69 00 00 4A 4A 43 4F 50 32 31 56 32
IFD - 00 A4 04 00 0B A0 00 00 00 04 10 10 D0 56 22 22
ICC - 6F 5A 84 0B A0 00 00 00 04 10 10 D0 56 22 22 A5
***** 4B 50 0A 4D 43 44 20 53 41 56 49 4E 47 5F 2D 06
***** 65 6E 64 65 66 72 87 01 02 9F 11 01 01 9F 12 0A
***** 4D 43 44 20 53 61 76 69 6E 67 BF 0C 1F 5F 50 1C
***** 46 69 6D 65 20 5C 2A 2F 20 4D 2D 54 49 50 20 31
***** 35 20 31 33 41 20 5C 2A 2F 20 76 33 90 00
IFD - 80 A8 00 00 02 83 00
ICC - 77 26 82 02 78 00 94 20 08 01 01 01 10 02 02 00
***** 10 03 03 00 10 04 04 00 10 05 05 00 10 06 06 00
***** 10 07 07 00 20 01 01 00 90 00
IFD - 00 B2 01 0C 00
ICC - 70 37 5A 08 54 13 33 00 89 02 00 94 5F 24 03 25
***** 12 31 5F 25 03 04 01 01 5F 34 01 46 9F 07 02 FF
***** 00 9F 0D 05 FC 50 A0 00 00 9F 0E 05 00 00 00 00
***** 00 9F 0F 05 F8 70 A4 98 00 90 00
IFD - 00 B2 02 14 00
ICC - 70 81 BC 8F 01 F1 90 81 B0 19 BB 43 21 13 F7 B7
***** 97 AF 76 61 F0 50 46 3E C5 F0 4C 3D 1C 99 83 A5
***** DB 77 CB C7 BE F6 AA 7C 8F A5 C5 7C 27 21 FC 6B
***** 0F D4 DD F6 C0 BF 10 1D C8 8B AE 88 40 69 82 D9
***** D5 A6 04 18 89 C2 26 B8 81 72 B1 33 95 A2 56 3D
***** 5E 22 BB 5D 19 A5 D0 B3 40 1E 51 98 3A 9B F8 60
***** 6F 8B FF D6 0E D5 E4 0A 4F 84 BC B9 2A A7 A0 47
***** 8D 31 23 49 6D A3 05 4E F1 EF D2 0C 62 51 52 31
***** FC 9D 78 C2 C1 E7 01 EB 41 55 30 3F 92 8B 9E 07
***** 1E A3 BE C4 70 95 71 D4 CC CD 8E 26 9A 2A 53 A1
***** 11 B6 1C F4 8C 38 3B 84 07 61 4D 1E 70 03 97 0B
***** E7 7F 4B 88 06 B9 E7 B5 C6 92 00 9F 32 01 03 90
***** 00
IFD - 00 B2 03 14 00
ICC - 70 81 83 93 81 80 6D 5F 6B EA B0 9F 6E AE 0B D1
***** 45 74 B0 1C 2A 88 F4 67 4B C0 65 5C 4B 2D 61 37
***** 15 A2 F0 F7 CE 75 08 DF 60 AF C4 64 03 BD 75 E4
***** 80 FA 0D DD 22 36 EA 05 5B 65 67 B8 EE 24 56 8B
***** 9C 78 59 94 70 07 A2 DC 14 00 C4 30 8F CD 70 7D
***** 33 84 C4 B3 86 49 E5 74 BE 20 05 72 D6 B8 8D 27
***** C5 0A EF 93 F4 18 DF 49 1D E6 74 9E 23 46 F2 08
***** A2 2A 3B DC F9 9F A9 78 AF B3 5D 30 72 C2 37 54
***** AF 81 A4 9F F2 21 90 00
IFD - 00 B2 04 14 00
ICC - 70 3E 8C 20 9F 02 06 9F 03 06 9F 1A 02 95 05 5F
***** 2A 02 9A 03 9C 01 9F 37 04 9F 35 01 9F 45 02 9F
***** 34 03 9B 02 8D 08 91 0A 8A 02 95 05 9B 02 8E 10
***** 00 00 00 00 00 00 00 00 41 03 42 03 1E 03 1F 00
***** 90 00
IFD - 00 B2 05 14 00
ICC - 70 04 9F 4A 01 82 90 00
IFD - 00 B2 06 14 00
ICC - 70 3C 57 11 54 13 33 00 89 02 00 94 D2 51 22 01
***** 02 95 70 10 6F 5F 28 02 00 56 5F 30 02 02 01 9F
***** 08 02 00 02 9F 20 05 02 95 70 10 6F 9F 3B 02 09
***** 78 9F 42 02 09 78 9F 43 01 02 9F 44 01 00 90 00
IFD - 00 B2 07 14 00
ICC - 70 13 5F 20 10 4D 54 49 50 31 35 2D 32 20 4D 43
***** 44 20 31 33 41 90 00
IFD - 00 B2 01 24 00
ICC - 70 81 9B 9F 46 81 80 41 0C DF F5 53 73 F4 6E 83
***** 4E 24 95 19 0D E0 DD 89 F8 44 86 C1 56 23 BD E8
***** C1 5D 4C 12 55 DE 0F 17 BD 01 5C 2D 8A 30 AA AE
***** 6F 77 C7 C3 14 33 73 BE 5F 14 DE 78 DC D8 55 0A
***** 9E 59 A8 21 76 36 05 9B EE EB 75 F5 90 A8 64 C3
***** 67 2C 38 70 03 22 5C 39 14 82 13 CC 84 10 7F 87
***** F2 F7 5E 7F 57 FD 11 33 60 86 A3 93 D1 D0 45 9F
***** BE AC C4 29 C4 71 67 4A C6 60 2C 56 14 3E 86 31
***** 27 3F AC 5E 77 34 5D 9F 47 01 03 9F 48 0A 00 00
***** 00 00 00 00 00 00 00 55 9F 49 03 9F 37 04 90 00
IFD - 80 AE 80 00 25 00 00 00 00 40 00 00 00 00 00 00
***** 00 01 12 80 00 04 80 00 09 33 22 07 22 01 1D EE
***** 22 9E 14 00 00 42 03 00 48 00
ICC - 77 29 9F 27 01 80 9F 36 02 00 50 9F 26 08 54 77
***** 16 B5 D4 0F 6A 02 9F 10 12 02 10 A0 00 0F 24 00
***** 00 00 00 00 00 00 00 00 00 00 FF 90 00
IFD - 80 AE 40 00 13 7E 42 F0 DA 3B 59 98 7D 00 12 30
***** 30 80 00 04 80 00 68 00
ICC - 77 29 9F 27 01 40 9F 36 02 00 50 9F 26 08 E4 91
***** 34 D4 C1 BC 04 A9 9F 10 12 02 10 60 10 0F 24 00
***** 00 00 00 00 00 00 00 00 00 00 FF 90 00
IFD - 00 A4 04 00 0B A0 00 00 03 97 43 49 44 5F 01 00
ICC - 6A 82
IFD - 00 A4 04 00 09 A0 00 00 03 08 00 00 10 00
ICC - 6A 82
IFD - 00 A4 04 00 09 A0 00 00 03 97 42 54 46 59
ICC - 6A 82
IFD - 00 A4 04 00 0B A0 00 00 03 97 43 49 44 5F 01 00
ICC - 6A 82
IFD - 00 A4 04 00 09 A0 00 00 03 08 00 00 10 00
ICC - 6A 82
IFD - 00 A4 04 00 09 A0 00 00 03 97 42 54 46 59
ICC - 6A 82
IFD - 00 A4 04 00 0B A0 00 00 03 97 43 49 44 5F 01 00
ICC - 6A 82
IFD - 00 A4 04 00 09 A0 00 00 03 08 00 00 10 00
ICC - 6A 82
IFD - 00 A4 04 00 09 A0 00 00 03 97 42 54 46 59
ICC - 6A 82
IFD - 00 A4 04 00 0B A0 00 00 03 97 43 49 44 5F 01 00
ICC - 6A 82
IFD - 00 A4 04 00 09 A0 00 00 03 08 00 00 10 00
ICC - 6A 82
IFD - 00 A4 04 00 09 A0 00 00 03 97 42 54 46 59
ICC - 6A 82
IFD - 00 A4 04 00 0B A0 00 00 03 97 43 49 44 5F 01 00
ICC - 6A 82
IFD - 00 A4 04 00 09 A0 00 00 03 08 00 00 10 00
ICC - 6A 82
IFD - 00 A4 04 00 09 A0 00 00 03 97 42 54 46 59
ICC - 6A 82
*End of log file
*Checksum:c656b76731edc6e80665bdc88412d27914acef081035231299