*level 1 trace
*File name: CardLog.log
*Date : 22.07.2022 12:01:29
*Start of log file
Acquisition 1
ATR - 3B 69 00 00 4A 4A 43 4F 50 32 31 56 32
IFD - 00 A4 04 00 07 A0 00 00 00 04 60 00
ICC - 6F 4E 84 07 A0 00 00 00 04 60 00 A5 43 50 06 43
***** 49 52 52 55 53 5F 2D 06 65 6E 64 65 66 72 87 01
***** 01 9F 11 01 01 9F 12 06 43 69 72 72 75 73 BF 0C
***** 1F 5F 50 1C 46 69 6D 65 20 5C 2A 2F 20 4D 2D 54
***** 49 50 20 32 37 20 31 33 41 20 5C 2A 2F 20 76 32
***** 90 00
IFD - 80 A8 00 00 02 83 00
ICC - 77 12 82 02 10 00 94 0C 08 01 01 00 10 03 04 00
***** 10 06 07 00 90 00
IFD - 00 B2 01 0C 00
ICC - 70 39 5A 0A 67 99 97 89 00 00 00 99 94 5F 5F 24
***** 03 25 12 31 5F 25 03 12 01 01 5F 34 01 03 9F 07
***** 02 FF 00 9F 0D 05 FC 50 A0 00 00 9F 0E 05 00 00
***** 00 00 00 9F 0F 05 F8 70 A4 98 00 90 00
IFD - 00 B2 03 14 00
ICC - 70 81 83 93 81 80 1C DB 13 6F 0F 08 A7 04 B6 92
***** AF 42 6F F7 CE 5D 98 C3 29 1B 4F 11 39 88 20 A9
***** BC 47 92 DC E1 BC 3D A0 6C 40 8A 46 4F 84 89 AA
***** DA 35 C6 E9 83 11 AF 74 CF A9 50 45 88 E3 77 B1
***** 32 34 74 95 58 77 41 C0 AE 1A FE FA 0A A1 AE EB
***** 5C 07 8F 2A EE 17 5C 05 88 EA F0 F9 AC A7 68 CA
***** 25 B9 06 CD 56 4D 88 9F 82 9B 97 8A 28 EE F1 93
***** CE 82 0E 2B 28 B9 DA 7F 33 40 78 6B 90 27 1D EE
***** C1 8A C3 EC FA 45 90 00
IFD - 00 B2 04 14 00
ICC - 70 3A 8C 20 9F 02 06 9F 03 06 9F 1A 02 95 05 5F
***** 2A 02 9A 03 9C 01 9F 37 04 9F 35 01 9F 45 02 9F
***** 34 03 9B 02 8D 08 91 0A 8A 02 95 05 9B 02 8E 0C
***** 00 00 00 00 00 00 00 00 41 03 02 00 90 00
IFD - 00 B2 06 14 00
ICC - 70 3D 57 12 67 99 97 89 00 00 00 99 94 5D 25 12
***** 20 10 84 46 07 00 5F 28 02 00 56 5F 30 02 02 01
***** 9F 08 02 00 02 9F 20 05 08 44 60 70 0F 9F 3B 02
***** 09 78 9F 42 02 09 78 9F 43 01 02 9F 44 01 00 90
***** 00
IFD - 00 B2 07 14 00
ICC - 70 14 5F 20 11 4D 54 49 50 32 37 20 43 49 52 52
***** 55 53 20 31 33 41 90 00
IFD - 80 AE 80 00 25 00 00 00 00 00 00 00 00 00 00 00
***** 00 01 12 80 00 04 80 00 09 33 22 07 22 70 55 86
***** F1 F8 14 00 00 02 00 00 48 00
ICC - 77 29 9F 27 01 80 9F 36 02 00 05 9F 26 08 F4 86
***** 30 13 99 2B A0 8C 9F 10 12 02 10 A0 00 0F 24 00
***** 00 00 00 00 00 00 00 00 00 00 FF 90 00
IFD - 84 24 00 02 10 42 DF 6E C7 D7 BA 49 99 A9 DC 0D
***** 33 5A B8 A2 46
ICC - 90 00
IFD - 80 AE 00 00 13 61 19 33 D7 02 36 B6 BB 00 12 38
***** 35 80 00 04 80 00 6C 00
ICC - 77 29 9F 27 01 00 9F 36 02 00 05 9F 26 08 29 BF
***** 3D 64 2C 82 60 7C 9F 10 12 02 10 20 10 0F 24 00
***** 00 00 00 00 00 00 00 00 00 00 FF 90 00
IFD - 00 A4 04 00 0B A0 00 00 03 97 43 49 44 5F 01 00
ICC - 6A 82
IFD - 00 A4 04 00 09 A0 00 00 03 08 00 00 10 00
ICC - 6A 82
IFD - 00 A4 04 00 09 A0 00 00 03 97 42 54 46 59
ICC - 6A 82
IFD - 00 A4 04 00 0B A0 00 00 03 97 43 49 44 5F 01 00
ICC - 6A 82
IFD - 00 A4 04 00 09 A0 00 00 03 08 00 00 10 00
ICC - 6A 82
IFD - 00 A4 04 00 09 A0 00 00 03 97 42 54 46 59
ICC - 6A 82
IFD - 00 A4 04 00 0B A0 00 00 03 97 43 49 44 5F 01 00
ICC - 6A 82
IFD - 00 A4 04 00 09 A0 00 00 03 08 00 00 10 00
ICC - 6A 82
IFD - 00 A4 04 00 09 A0 00 00 03 97 42 54 46 59
ICC - 6A 82
IFD - 00 A4 04 00 0B A0 00 00 03 97 43 49 44 5F 01 00
ICC - 6A 82
IFD - 00 A4 04 00 09 A0 00 00 03 08 00 00 10 00
ICC - 6A 82
IFD - 00 A4 04 00 09 A0 00 00 03 97 42 54 46 59
ICC - 6A 82
IFD - 00 A4 04 00 0B A0 00 00 03 97 43 49 44 5F 01 00
ICC - 6A 82
IFD - 00 A4 04 00 09 A0 00 00 03 08 00 00 10 00
ICC - 6A 82
IFD - 00 A4 04 00 09 A0 00 00 03 97 42 54 46 59
ICC - 6A 82
*End of log file
*Checksum:ce9ace03600d26c4cdd9739553adf9252a60288b1035231299