*level 1 trace
*File name: CardLog.log
*Date : 22.07.2022 12:12:15
*Start of log file
Acquisition 1
ATR - 3B 69 00 00 4A 4A 43 4F 50 32 31 56 32
IFD - 00 A4 04 00 07 A0 00 00 00 04 10 10
ICC - 6F 56 84 07 A0 00 00 00 04 10 10 A5 4B 50 0A 4D
***** 41 53 54 45 52 43 41 52 44 5F 2D 06 65 6E 64 65
***** 66 72 87 01 01 9F 11 01 01 9F 12 0A 4D 61 73 74
***** 65 72 43 61 72 64 BF 0C 1F 5F 50 1C 46 49 4D 45
***** 20 5C 2A 2F 20 4D 2D 54 49 50 20 33 32 20 31 35
***** 41 20 5C 2A 2F 20 76 31 90 00
IFD - 80 A8 00 00 02 83 00
ICC - 77 26 82 02 30 00 94 20 08 02 02 01 10 02 02 00
***** 10 03 03 00 10 04 04 00 10 05 05 00 10 06 06 00
***** 10 07 07 00 20 01 01 00 90 00
IFD - 00 B2 02 0C 00
ICC - 70 37 5A 08 22 23 60 00 89 02 03 29 5F 24 03 25
***** 12 31 5F 25 03 04 01 01 5F 34 01 03 9F 07 02 FF
***** 00 9F 0D 05 FC 50 A0 00 00 9F 0E 05 00 00 00 00
***** 00 9F 0F 05 F8 70 A4 98 00 90 00
IFD - 00 B2 02 14 00
ICC - 70 81 BC 8F 01 F1 90 81 B0 91 61 44 FF F4 9B 6F
***** BA E7 6F A4 C2 81 74 CB B9 E4 C3 13 1C 55 F6 1D
***** 58 58 26 11 60 DC 0B F3 D6 80 D2 F9 16 FB D3 72
***** 5C E5 B4 6B AA D0 CE 0B C9 7F 6E 1F 46 55 0E A0
***** E6 BE 3A F3 98 36 E1 4F 07 13 A1 EA 0A 3C 97 2C
***** 08 50 74 FE EF F3 03 B3 64 13 D3 0B D2 CE 5B B8
***** 1B 7A BF 3D 74 7D 1B 93 9A 9F 38 81 D5 29 22 0F
***** 28 43 50 D1 C0 F5 F1 B1 36 6B FB 46 7E 8B 35 BD
***** 74 0B A8 06 E2 18 C8 58 A4 7D AE 27 23 32 A8 1E
***** 65 FD 60 2E 6B AC 48 F6 C9 37 44 C4 28 43 6C 5A
***** DF 30 A8 FF 28 4A 4C 1E 01 D4 5E E6 C5 6D AD 30
***** C1 E7 91 15 61 B4 44 00 42 92 00 9F 32 01 03 90
***** 00
IFD - 00 B2 03 14 00
ICC - 70 81 83 93 81 80 1A 0F 51 1D B4 A0 B0 7E F2 AB
***** 8A 4D 89 0C 63 1C CF 55 EE 7F 3B FA 30 0A 86 68
***** 47 60 34 8D 6D 57 BD A3 1B AF 34 AB DD 9F AE 66
***** 30 4B 39 04 7F 27 07 5E A6 C1 FF DD 53 BF AE 3A
***** 9A 02 5C 24 91 2C D5 36 6A DB B1 99 CA 93 ED F2
***** FB 5A 70 14 71 71 B7 E4 0B 7B 2A EB 0A 74 88 7B
***** F4 5F E6 EC 0E 34 0E 7F BD BC F7 A4 AE 15 5A 6E
***** 61 51 35 62 B7 20 F5 5E 74 31 6B 1F 78 20 DE FA
***** FB 39 6F A9 03 42 90 00
IFD - 00 B2 04 14 00
ICC - 70 3E 8C 20 9F 02 06 9F 03 06 9F 1A 02 95 05 5F
***** 2A 02 9A 03 9C 01 9F 37 04 9F 35 01 9F 45 02 9F
***** 34 03 9B 02 8D 08 91 0A 8A 02 95 05 9B 02 8E 10
***** 00 00 00 00 00 00 00 00 41 03 42 03 1E 03 1F 00
***** 90 00
IFD - 00 B2 05 14 00
ICC - 70 04 9F 4A 01 82 90 00
IFD - 00 B2 06 14 00
ICC - 70 3C 57 11 22 23 60 00 89 02 03 29 D2 51 26 01
***** 07 93 60 80 5F 5F 28 02 00 56 5F 30 02 06 01 9F
***** 08 02 00 02 9F 20 05 07 93 60 80 5F 9F 3B 02 09
***** 78 9F 42 02 09 78 9F 43 01 02 9F 44 01 00 90 00
IFD - 00 B2 07 14 00
ICC - 70 11 5F 20 0E 4D 54 49 50 33 32 20 4D 43 44 20
***** 31 35 41 90 00
IFD - 00 B2 01 24 00
ICC - 70 81 9B 9F 46 81 80 3C CF 00 02 29 AD C2 3C A5
***** BF 6B A9 41 EE AC 5E CE 03 CE 34 F8 A4 C9 F8 EE
***** 29 6F 8D D1 94 52 36 FA D7 C3 3E 5D C2 73 7A 75
***** FE AE 2A D3 63 F2 D3 CA A3 F0 CC A9 2F 60 E1 FA
***** B4 5D F9 16 45 E8 9A 4D B3 60 6D 20 49 24 9C 6B
***** 51 C1 AC 74 92 ED A9 B0 16 1E 09 FC 61 56 20 78
***** 6B 3B E1 2B F4 70 C6 89 38 FE 7C 6F C6 A2 C4 87
***** 57 C3 94 34 5B 4E 07 22 7F B5 BC 16 B4 0B 7E 4F
***** F8 74 F8 27 C9 36 22 9F 47 01 03 9F 48 0A 00 00
***** 00 00 00 00 00 00 00 55 9F 49 03 9F 37 04 90 00
IFD - 80 AE 80 00 25 00 00 00 00 20 00 00 00 00 00 00
***** 00 01 12 80 00 04 80 00 09 33 22 07 22 01 5F FD
***** 48 A4 14 00 00 42 03 00 48 00
ICC - 77 29 9F 27 01 80 9F 36 02 00 27 9F 26 08 2B 0E
***** 64 EA A3 3E 12 5B 9F 10 12 02 10 A0 00 0F 24 00
***** 00 00 00 00 00 00 00 00 00 00 FF 90 00
IFD - 80 AE 40 00 13 D6 C0 DE 41 41 E4 D5 90 00 12 30
***** 30 80 00 04 80 00 68 00
ICC - 77 29 9F 27 01 40 9F 36 02 00 27 9F 26 08 BC 65
***** FA 90 9B A5 DD AA 9F 10 12 02 10 60 10 0F 24 00
***** 00 00 00 00 00 00 00 00 00 00 FF 90 00
IFD - 00 A4 04 00 0B A0 00 00 03 97 43 49 44 5F 01 00
ICC - 6A 82
IFD - 00 A4 04 00 09 A0 00 00 03 08 00 00 10 00
ICC - 6A 82
IFD - 00 A4 04 00 09 A0 00 00 03 97 42 54 46 59
ICC - 6A 82
IFD - 00 A4 04 00 0B A0 00 00 03 97 43 49 44 5F 01 00
ICC - 6A 82
IFD - 00 A4 04 00 09 A0 00 00 03 08 00 00 10 00
ICC - 6A 82
IFD - 00 A4 04 00 09 A0 00 00 03 97 42 54 46 59
ICC - 6A 82
IFD - 00 A4 04 00 0B A0 00 00 03 97 43 49 44 5F 01 00
ICC - 6A 82
IFD - 00 A4 04 00 09 A0 00 00 03 08 00 00 10 00
ICC - 6A 82
IFD - 00 A4 04 00 09 A0 00 00 03 97 42 54 46 59
ICC - 6A 82
IFD - 00 A4 04 00 0B A0 00 00 03 97 43 49 44 5F 01 00
ICC - 6A 82
IFD - 00 A4 04 00 09 A0 00 00 03 08 00 00 10 00
ICC - 6A 82
IFD - 00 A4 04 00 09 A0 00 00 03 97 42 54 46 59
ICC - 6A 82
IFD - 00 A4 04 00 0B A0 00 00 03 97 43 49 44 5F 01 00
ICC - 6A 82
IFD - 00 A4 04 00 09 A0 00 00 03 08 00 00 10 00
ICC - 6A 82
IFD - 00 A4 04 00 09 A0 00 00 03 97 42 54 46 59
ICC - 6A 82
*End of log file
*Checksum:0ea059cc091fb3c3f24638878b6389027a88cc8b1035231299