*level 1 trace
*File name: CardLog.log
*Date : 22.07.2022 12:33:00
*Start of log file
Acquisition 1
ATR - 3B 69 00 00 4A 4A 43 4F 50 32 31 56 32
IFD - 00 A4 04 00 0E 31 50 41 59 2E 53 59 53 2E 44 44
***** 46 30 31
ICC - 6F 22 84 0E 31 50 41 59 2E 53 59 53 2E 44 44 46
***** 30 31 A5 10 5F 2D 06 65 6E 64 65 66 72 88 01 01
***** 9F 11 01 01 90 00
IFD - 00 B2 01 0C 00
ICC - 70 30 61 2E 4F 07 A0 00 00 00 04 10 10 50 0A 4D
***** 41 53 54 45 52 43 41 52 44 87 01 01 9F 12 0A 4D
***** 61 73 74 65 72 43 61 72 64 73 07 9F 0A 04 00 01
***** 01 02 90 00
IFD - 00 B2 02 0C 00
ICC - 70 2A 61 28 4F 07 A0 00 00 00 04 30 60 50 07 4D
***** 41 45 53 54 52 4F 87 01 02 9F 12 07 4D 61 65 73
***** 74 72 6F 73 07 9F 0A 04 00 01 01 01 90 00
IFD - 00 B2 03 0C 00
ICC - 6A 83
IFD - 00 A4 04 00 07 A0 00 00 00 04 10 10
ICC - 6F 5C 84 07 A0 00 00 00 04 10 10 A5 51 50 0A 4D
***** 41 53 54 45 52 43 41 52 44 87 01 01 9F 38 0C 9F
***** 33 03 9F 1A 02 9F 35 01 9F 40 05 BF 0C 30 5F 56
***** 03 43 41 4E DF 62 02 40 80 5F 50 1B 46 49 4D 45
***** 20 5C 2A 2F 20 4D 54 49 50 20 35 30 20 32 30 41
***** 20 5C 2A 2F 20 76 32 9F 0A 04 00 01 01 02 90 00
IFD - 80 A8 00 00 0D 83 0B 60 40 20 01 12 14 EE 80 B0
***** 53 FF
ICC - 77 22 82 02 79 00 94 1C 08 01 01 01 10 01 01 00
***** 10 02 02 00 10 06 06 00 10 07 07 00 10 08 08 00
***** 78 01 01 00 90 00
IFD - 00 B2 01 0C 00
ICC - 70 81 C3 5F 25 03 04 01 01 8C 24 9F 02 06 9F 03
***** 06 95 05 5F 2A 02 9A 03 9C 01 9F 37 04 9F 35 01
***** 9F 45 02 9F 4C 08 9F 34 03 9F 21 03 9F 40 03 9F
***** 42 02 01 24 9F 4A 01 82 5F 24 03 25 12 31 8D 0C
***** 91 10 8A 02 95 05 9F 37 04 9F 4C 08 9F 44 01 02
***** 8E 12 00 00 00 00 00 00 00 00 42 03 44 03 41 03
***** 5E 03 1F 03 9F 07 02 FF 00 9F 3B 02 01 24 5A 08
***** 54 13 33 00 89 02 05 08 9F 43 01 02 9F 49 03 9F
***** 37 04 9F 08 02 00 02 5F 28 02 01 24 9F 0D 05 FC
***** 50 A0 00 00 5F 30 02 06 01 9F 0E 05 00 00 00 00
***** 00 9F 0F 05 F8 70 A4 98 00 9F 20 05 07 27 00 56
***** 9F 57 13 54 13 33 00 89 02 05 08 D2 51 22 01 07
***** 27 00 56 91 23 4F 90 00
IFD - 00 B2 01 14 00
ICC - 70 07 8F 01 EF 9F 32 01 03 90 00
IFD - 00 B2 02 14 00
ICC - 70 81 83 93 81 80 0D 07 E9 53 3F 4D A6 CF 2D 70
***** 5B E8 A6 F4 E3 24 A5 01 F1 32 F6 9C 87 08 94 D9
***** A2 F1 37 07 85 EC 25 AD DB E8 6A 38 E4 49 B9 5F
***** 23 C5 DC 37 D7 8D 51 EB 78 5F 20 8B AE 66 03 D2
***** F8 36 A0 85 72 D1 44 42 C1 6E F4 F6 D3 95 A5 DE
***** 1A 84 C7 C4 31 73 A8 93 78 D9 32 C3 5F 6D 00 90
***** 36 8A 43 94 92 FF 90 EB 5F D1 B6 6F CE 46 49 D2
***** EE 74 F0 C2 C2 17 89 F5 31 5B C3 06 22 F5 F8 D0
***** 97 5F C8 E9 41 0C 90 00
IFD - 00 B2 06 14 00
ICC - 70 19 5F 20 0E 4D 54 49 50 35 30 20 4D 43 44 20
***** 32 30 41 DF 4F 05 01 02 03 04 05 90 00
IFD - 00 B2 07 14 00
ICC - 70 81 FB 90 81 F8 7E 57 59 93 1B A9 4A D8 5D 8C
***** 46 B8 A5 9B E9 A6 B9 18 9D 1D F6 B9 59 20 46 31
***** 30 F0 9A 37 B3 8F 2D 4D 69 AF 5F 07 B0 6F C6 3E
***** B0 1F E3 D1 30 0A C0 37 6D 50 F1 44 4A 87 15 4B
***** D2 82 B5 6D DE F1 76 D0 62 F3 D9 EA E8 37 FA 49
***** 38 47 C4 B8 3F 43 2F 1E 50 4D C7 A3 1D BE 4F D6
***** C0 AC 75 97 74 1F 84 AA D3 DF 19 C7 26 73 50 3D
***** E9 A5 E3 9B A1 04 69 BB B2 A5 4F 74 10 6B 77 06
***** 2B 63 9C F9 7F CA 32 62 55 99 28 BA 90 8A 2C A4
***** E9 2C C7 8E 22 01 3E 6E F2 78 59 64 25 F2 3F EA
***** D9 43 A1 B3 03 A2 8F 7E 01 8D 26 70 66 B0 3E 02
***** 19 7E DD 3C 13 2F 5B 73 DF 52 34 EE 53 7E 2E F1
***** BF CE 71 66 52 18 25 D1 C8 1A 80 2E 2E D8 60 84
***** 83 28 1A C9 52 DF 7A D2 2D E2 9B 87 39 21 EA 51
***** DD DD BF 91 6F 21 50 13 C2 DE 18 23 39 D7 61 2D
***** BA D6 A9 FC 65 4F E2 F7 69 5B C2 2D 1B 42 90 00
IFD - 00 B2 08 14 00
ICC - 70 81 B5 9F 46 81 80 88 FB 26 82 AC 70 B7 BF 07
***** C6 AB 93 20 8C 80 BD AD 71 E6 86 C5 32 83 A1 33
***** B1 1D 71 3C 50 4B 4D 5F 2D 1A FF 9B 82 8C 39 0E
***** 40 0C 82 E1 EE B2 23 94 2A A3 77 D5 32 27 92 6E
***** C9 38 58 F7 09 45 90 28 0E 38 3E 5F 5E 0F 78 61
***** AD 33 95 0E 6F 39 BD 62 5C 50 DC 05 5D 82 2C C7
***** 40 96 1D 5E 55 AF E5 53 4D E7 3F 72 9F 40 20 EB
***** C5 4D 05 A6 83 D3 8C DA A2 A2 F1 B7 1A 88 CA B6
***** C4 A4 DC 25 0F D5 71 9F 47 01 03 9F 48 2A B5 77
***** AA A3 C6 DD 89 37 C9 B2 34 4C EC AD 5A B8 D5 29
***** BC AC A7 F9 EC EA DE 85 99 0F 1E 04 FE AE 9F A0
***** 33 DF 69 12 68 F9 F2 D5 90 00
IFD - 00 B2 01 7C 00
ICC - DF 51 08 F4 F7 F8 20 E4 E5 EC E9 DF 52 0A 00 00
***** 00 00 00 00 00 00 00 00 DF 53 19 00 00 00 00 00
***** 00 00 00 00 00 00 00 00 00 00 00 00 00 00 00 00
***** 00 00 00 00 DF 54 0A 00 00 00 00 00 00 00 00 00
***** 00 DF 55 0A 00 00 00 00 00 00 00 00 00 00 DF 56
***** 0A 00 00 00 00 00 00 00 00 00 00 90 00
IFD - 80 AE 80 00 2F 00 00 00 00 20 00 00 00 00 00 00
***** 00 80 00 04 80 00 09 33 22 07 22 01 E5 38 6F 87
***** 14 00 00 00 00 00 00 00 00 00 00 42 03 00 13 31
***** 00 EE 80 B0
ICC - 77 29 9F 27 01 80 9F 36 02 00 25 9F 26 08 03 6D
***** 63 DE AF E5 13 87 9F 10 12 01 10 A0 00 00 20 00
***** 00 00 00 00 00 00 00 00 00 00 FF 90 00
IFD - 80 AE 40 00 23 11 22 33 44 55 66 77 88 99 00 00
***** 00 00 00 00 00 30 30 80 00 04 80 00 E5 38 6F 87
***** 00 00 00 00 00 00 00 00
ICC - 77 29 9F 27 01 40 9F 36 02 00 25 9F 26 08 E8 F2
***** 95 A8 A8 43 45 0B 9F 10 12 01 10 60 10 00 20 00
***** 00 00 00 00 00 00 00 00 00 00 FF 90 00
*End of log file
*Checksum:9703739142e9a5565c8a5eff5084ced5bef96ee81035231299