*level 1 trace
*File name: CardLog.log
*Date : 22.07.2022 12:35:19
*Start of log file
Acquisition 1
ATR - 3B 69 00 00 4A 4A 43 4F 50 32 31 56 32
IFD - 00 A4 04 00 07 A0 00 00 00 04 30 60
ICC - 6F 81 89 84 07 A0 00 00 00 04 30 60 A5 7E 50 07
***** 4D 41 45 53 54 52 4F 5F 2D 06 65 6E 64 65 66 72
***** 87 01 16 9F 11 01 01 9F 12 07 4D 61 65 73 74 72
***** 6F 9F 38 06 9F 5C 08 9F 40 05 BF 0C 4F 5F 50 1B
***** 46 49 4D 45 20 5C 2A 2F 20 4D 54 49 50 20 35 31
***** 20 31 36 41 20 5C 2A 2F 20 76 31 9F 4D 02 0B 0A
***** 9F 5D 03 01 01 00 9F 5E 0B 06 79 99 98 90 00 00
***** 20 05 15 49 9F 6E 0B 08 40 00 03 30 30 00 01 02
***** 08 80 42 03 67 99 99 5F 55 02 55 53 90 00
IFD - 80 A8 00 00 0F 83 0D 00 00 00 00 00 00 00 00 EE
***** 80 B0 53 FF
ICC - 77 2A 82 02 79 00 94 24 08 03 03 01 10 02 02 00
***** 10 03 03 00 10 04 04 00 10 05 05 00 10 06 06 00
***** 10 07 07 00 20 01 01 00 20 02 02 00 90 00
IFD - 00 B2 03 0C 00
ICC - 70 39 5A 0A 67 99 99 89 00 00 02 00 51 5F 5F 24
***** 03 25 12 31 5F 25 03 04 01 01 5F 34 01 49 9F 07
***** 02 FF C0 9F 0D 05 FC 50 A0 00 00 9F 0E 05 00 00
***** 00 00 00 9F 0F 05 F8 70 A4 98 00 90 00
IFD - 00 B2 02 14 00
ICC - 70 81 BC 8F 01 F1 90 81 B0 59 5A 75 84 9D 33 38
***** F4 19 9D CC 5D A7 89 E8 D3 DF EB E1 3C 6C 89 3D
***** 8C FB DC C4 79 11 C1 61 84 F5 4A 9F E7 DF 71 B0
***** 70 06 0C 2B CB 14 6D BD F5 6F BE 7A 4E B2 15 2F
***** E1 B2 A2 5E C3 3F BD F2 E9 FA AA 56 E1 91 4B EE
***** BF 67 47 F1 B5 4E AA FD B2 AB 30 8C 2D 53 33 6F
***** AA 80 65 C8 C2 73 DA B3 C6 3D E1 8F F8 E8 DA 81
***** 00 12 05 96 95 CC 1D 4B 84 C8 BF 8F 4C DA DB 25
***** 20 54 43 40 9B 6E C3 9F AA 45 E6 F9 66 6B D3 46
***** 11 AA CC 08 A7 A6 D7 41 30 FC 12 96 E8 DE 0A BE
***** 9D 06 59 D3 51 C0 BF F5 00 0E 08 CD ED 43 47 1F
***** 30 2D EF 01 23 37 C1 40 37 92 00 9F 32 01 03 90
***** 00
IFD - 00 B2 03 14 00
ICC - 70 81 83 93 81 80 8D 74 75 0B C7 28 62 DE 0D 0B
***** 40 4D 9F 80 8E C8 A4 96 95 6A B6 EC 30 14 39 81
***** F5 9F FE 7C 83 26 8A A1 94 A8 0A 52 8D 4E 29 C1
***** A5 40 8D 0B C7 2A 77 A7 9E 4B 17 6D 8A A7 23 86
***** 40 58 01 CD 88 43 D8 D7 1E B8 C9 A5 53 8D 5A 16
***** 93 26 B2 2D 1D CF 19 AA 36 C3 E1 18 B7 36 9B B5
***** 78 33 66 F1 CF 3D 6C 41 92 9B E2 A9 03 77 9C E9
***** 5A 60 96 9E 8C 67 C7 9A 4B CB 8E 2A 2B B5 87 E6
***** 7C DD EC A0 BA BC 90 00
IFD - 00 B2 04 14 00
ICC - 70 47 8C 27 9F 02 06 9F 03 06 9F 1A 02 95 05 5F
***** 2A 02 9A 03 9C 01 9F 37 04 9F 35 01 9F 45 02 9F
***** 4C 08 9F 34 03 9F 21 03 9F 7C 14 8D 0C 91 0A 8A
***** 02 95 05 9F 37 04 9F 4C 08 8E 0E 00 00 00 00 00
***** 00 00 00 44 03 42 03 1F 03 90 00
IFD - 00 B2 05 14 00
ICC - 70 04 9F 4A 01 82 90 00
IFD - 00 B2 06 14 00
ICC - 70 3D 57 12 67 99 99 89 00 00 02 00 51 5D 25 12
***** 22 00 44 37 05 96 5F 28 02 00 56 5F 30 02 02 20
***** 9F 08 02 00 02 9F 20 05 06 29 30 42 3F 9F 3B 02
***** 09 78 9F 42 02 09 78 9F 43 01 02 9F 44 01 00 90
***** 00
IFD - 00 B2 07 14 00
ICC - 70 15 5F 20 12 4D 54 49 50 35 31 20 4D 41 45 53
***** 54 52 4F 20 31 36 41 90 00
IFD - 00 B2 01 24 00
ICC - 70 81 9B 9F 46 81 80 19 2E 50 56 DB 46 A9 5E 21
***** 72 47 58 CE 18 38 45 C0 F6 C8 66 AC C1 D3 30 51
***** F5 2F 6E F1 FE 5C 8D 3C BD B0 61 FF D9 9B 11 88
***** CC B4 B9 82 8C 37 41 65 37 5E 4D 8A CD A7 7C 16
***** 5E A5 F3 2F FB 0F C3 0A DC 53 17 53 9E 43 7E 9D
***** 3D 04 1C 30 18 E6 26 31 85 1E A1 70 23 03 9C 93
***** 23 17 F7 5A 46 1E 1D 1B ED 2C C9 48 01 91 76 1C
***** 02 0D F0 AB A9 41 6F 19 53 77 9E 0B F2 E0 B2 EF
***** 93 83 AB AE 64 A7 4B 9F 47 01 03 9F 48 0A 00 00
***** 00 00 00 00 00 00 00 55 9F 49 03 9F 37 04 90 00
IFD - 00 B2 02 24 00
ICC - 70 15 9F 51 03 9F 37 04 9F 5B 0C DF 60 08 DF 61
***** 08 DF 62 01 DF 63 A0 90 00
IFD - 80 AE 80 00 42 00 00 00 00 10 00 00 00 00 00 00
***** 00 01 12 80 00 04 80 00 09 33 22 07 22 01 A2 A4
***** 72 8F 14 00 00 00 00 00 00 00 00 00 00 42 03 00
***** 13 33 28 00 00 00 00 00 00 00 00 00 00 00 00 00
***** 00 00 00 00 00 00 00
ICC - 77 37 9F 27 01 80 9F 36 02 00 53 9F 26 08 50 83
***** 9D 48 65 3F E1 B0 9F 10 20 02 10 A0 00 0F 24 00
***** 00 00 00 00 00 00 00 00 00 00 FF 00 00 00 00 00
***** 00 00 00 00 00 00 00 00 00 90 00
IFD - 80 AE 40 00 1D 91 8E 54 AC 4D 3A ED FB 00 12 30
***** 30 80 00 04 80 00 A2 A4 72 8F 00 00 00 00 00 00
***** 00 00
ICC - 77 37 9F 27 01 40 9F 36 02 00 53 9F 26 08 D0 4F
***** B4 65 EA 0D B0 FC 9F 10 20 02 10 60 10 0F 24 00
***** 00 00 00 00 00 00 00 00 00 00 FF 00 00 00 00 00
***** 00 00 00 00 00 00 00 00 00 90 00
IFD - 00 A4 04 00 0B A0 00 00 03 97 43 49 44 5F 01 00
ICC - 90 00
IFD - 00 A4 04 00 09 A0 00 00 03 08 00 00 10 00
ICC - 6A 82
IFD - 00 A4 04 00 09 A0 00 00 03 97 42 54 46 59
ICC - 6A 82
IFD - 00 A4 04 00 09 A0 00 00 03 08 00 00 10 00
ICC - 6A 82
IFD - 00 A4 00 0C 02 00 00
ICC - 6A 86
IFD - 00 A4 04 04 09 A0 00 00 03 97 42 54 46 59
ICC - 6A 86
IFD - 00 A4 04 00 09 A0 00 00 03 08 00 00 10 00
ICC - 6A 82
IFD - 00 A4 00 0C 02 00 00
ICC - 6A 86
IFD - 00 A4 04 04 09 A0 00 00 03 97 42 54 46 59
ICC - 6A 86
IFD - 00 A4 04 00 09 A0 00 00 03 08 00 00 10 00
ICC - 6A 82
IFD - 00 A4 00 0C 02 00 00
ICC - 6A 86
IFD - 00 A4 04 04 09 A0 00 00 03 97 42 54 46 59
ICC - 6A 86
*End of log file
*Checksum:9042301e7512a85290d8e8990ef4f849522442231035231299