*level 1 trace
*File name: CardLog.log
*Date : 22.07.2022 12:40:01
*Start of log file
Acquisition 1
ATR - 3B 69 00 00 4A 4A 43 4F 50 32 31 56 32
IFD - 00 A4 04 00 0E 31 50 41 59 2E 53 59 53 2E 44 44
***** 46 30 31
ICC - 6A 82
IFD - 00 A4 04 00 07 A0 00 00 00 04 60 00
ICC - 6A 82
IFD - 00 A4 04 00 07 A0 00 00 00 04 10 10
ICC - 6F 55 84 07 A0 00 00 00 04 10 10 A5 4A 50 0A 4D
***** 41 53 54 45 52 43 41 52 44 5F 2D 06 65 6E 64 65
***** 66 72 87 01 01 9F 11 01 01 9F 12 0A 4D 61 73 74
***** 65 72 43 61 72 64 BF 0C 1E 5F 50 1B 46 49 4D 45
***** 20 5C 2A 2F 20 4D 54 49 50 20 36 35 20 32 30 41
***** 20 5C 2A 2F 20 76 32 90 00
IFD - 00 A4 04 00 07 A0 00 00 00 04 30 60
ICC - 6F 4F 84 07 A0 00 00 00 04 30 60 A5 44 50 07 4D
***** 41 45 53 54 52 4F 5F 2D 06 65 6E 64 65 66 72 87
***** 01 02 9F 11 01 01 9F 12 07 4D 61 65 73 74 72 6F
***** BF 0C 1E 5F 50 1B 46 49 4D 45 20 5C 2A 2F 20 4D
***** 54 49 50 20 36 35 20 32 30 41 20 5C 2A 2F 20 76
***** 32 90 00
IFD - 00 A4 04 00 07 A0 00 00 00 10 10 30
ICC - 6A 82
IFD - 00 A4 04 00 07 A0 00 00 00 03 10 10
ICC - 6A 82
IFD - 00 A4 04 00 07 A0 00 00 00 03 20 10
ICC - 6A 82
IFD - 00 A4 04 00 07 A0 00 00 00 03 30 10
ICC - 6A 82
IFD - 00 A4 04 00 07 A0 00 00 00 03 80 10
ICC - 6A 82
IFD - 00 A4 04 00 05 A0 00 00 00 25
ICC - 6A 82
IFD - 00 A4 04 00 05 A0 00 00 03 33
ICC - 6A 82
IFD - 00 A4 04 00 05 A0 00 00 06 58
ICC - 6A 82
IFD - 00 A4 04 00 08 A0 00 00 00 03 99 99 10
ICC - 6A 82
IFD - 00 A4 04 00 07 A0 00 00 00 04 10 10
ICC - 6F 55 84 07 A0 00 00 00 04 10 10 A5 4A 50 0A 4D
***** 41 53 54 45 52 43 41 52 44 5F 2D 06 65 6E 64 65
***** 66 72 87 01 01 9F 11 01 01 9F 12 0A 4D 61 73 74
***** 65 72 43 61 72 64 BF 0C 1E 5F 50 1B 46 49 4D 45
***** 20 5C 2A 2F 20 4D 54 49 50 20 36 35 20 32 30 41
***** 20 5C 2A 2F 20 76 32 90 00
IFD - 80 A8 00 00 02 83 00
ICC - 77 12 82 02 79 00 94 0C 08 01 01 01 10 02 08 00
***** 20 01 02 00 90 00
IFD - 00 B2 01 0C 00
ICC - 70 57 5A 08 54 13 33 00 89 70 06 53 5F 24 03 49
***** 12 31 5F 25 03 20 01 01 5F 34 01 11 9F 07 02 FF
***** 00 9F 0D 05 FC 50 A0 00 00 9F 0E 05 00 00 00 00
***** 00 9F 0F 05 F8 70 A4 98 00 9F 24 1D 35 30 30 31
***** 41 42 43 44 45 46 47 48 49 4A 4B 4C 4D 4E 4F 50
***** 51 52 53 54 55 56 57 30 34 90 00
IFD - 00 B2 02 14 00
ICC - 70 81 FB 90 81 F8 92 BE FE 5C 49 49 F7 38 DC 2C
***** 81 02 7D 3A EA 61 30 CA 9B 14 21 09 9E EA 83 40
***** 2D E7 8E E1 0A F8 17 0B 13 65 1E 62 42 BC 2C DA
***** CA 69 0F F6 EF BC D5 C7 F5 3D A9 3C 25 8B 1D 69
***** 06 BF D7 3C 9E E2 D1 E2 B2 D0 5B E8 30 19 E3 98
***** C1 ED BA 57 80 59 92 EB 1F 9E DF 2D FC AC D4 B5
***** 8E 46 3A CC B1 D2 7A C1 20 A2 00 2A 3B CD 9A 06
***** D8 67 82 26 68 73 5E 11 C1 FD 70 A6 A7 7E DE AF
***** CE 51 90 09 21 9F 88 2B 4F B3 DB BA A3 32 A8 81
***** 68 93 97 21 04 13 55 70 EF 2B 42 D4 A8 77 49 CE
***** E7 3C D6 DC 3C B9 BD 0A B5 B6 DC 06 59 E5 01 E7
***** D8 32 0A 7C 05 93 56 9A 58 0A F7 53 77 84 52 2C
***** 23 F1 DC 82 28 2A 2A 58 5D A2 AE 89 EB C0 96 65
***** 22 01 C8 95 80 CC 6C 3B 7B EA 0C 18 9B 77 47 E1
***** 39 C7 99 BA F5 99 63 7C 2D A7 AD 7F 08 FC 78 98
***** 55 22 6C AB C0 80 78 D4 56 50 E2 E6 E9 37 90 00
IFD - 00 B2 03 14 00
ICC - 70 81 FA 93 81 F7 A0 00 90 75 A6 5C 8A E2 44 A1
***** 27 67 00 06 5C CF E0 FD 7F D4 0D CE FA F4 9D F0
***** 7E 0C 8E EC 07 AC 90 6B CB CF E8 C1 83 5E C9 AF
***** 74 54 86 BB A3 94 97 80 2C 4B EF DE AF 67 EF 89
***** 44 42 80 E2 A3 CA 4E 41 7C 61 17 A6 EF 5B 53 2C
***** 0B A5 30 E5 76 CA A5 B5 A3 92 41 44 AE 31 6E 83
***** 70 A5 BD E1 37 11 BF C5 A8 36 48 4B F5 FA FA 37
***** EC 3D 5C 8F 53 43 1F C1 6A 8B C2 EF 8A 37 62 22
***** 04 FA AF 4B 10 92 5C 17 96 0F A6 6A 53 B1 09 94
***** 40 39 67 C6 42 3A F9 DD 62 65 D1 BE E1 45 7E 98
***** B4 E4 7B AD 0F C3 A4 07 71 92 D5 81 4C 55 D6 53
***** 42 42 12 BF 4E 48 9E F5 39 41 B3 FF B8 E4 59 03
***** 98 FD 24 6C 3A D1 E5 0A 51 D8 1A EA CD 1D F9 68
***** F1 0A B8 54 0D A2 FA 9F 61 09 61 8B E1 41 3C CC
***** 3A 39 2A E1 B0 1E 63 B1 D1 55 41 2F BD 7D DD 52
***** F8 2D 15 6D 71 ED B1 6A CE D1 1E AE 01 90 00
IFD - 00 B2 04 14 00
ICC - 70 45 8C 23 9F 02 06 9F 03 06 9F 1A 02 95 05 5F
***** 2A 02 9A 03 9C 01 9F 37 04 9F 35 01 9F 45 02 9F
***** 34 03 9B 02 9F 1D 08 8D 0C 91 0A 8A 02 95 05 9F
***** 37 04 9F 4C 08 8E 10 00 00 00 00 00 00 00 00 41
***** 03 42 03 5E 03 1F 00 90 00
IFD - 00 B2 05 14 00
ICC - 70 04 9F 4A 01 82 90 00
IFD - 00 B2 06 14 00
ICC - 70 3C 57 11 54 13 33 00 89 70 06 53 D4 91 22 01
***** 01 23 45 67 89 5F 28 02 00 56 5F 30 02 02 01 9F
***** 08 02 00 02 9F 20 05 03 02 70 38 9F 9F 3B 02 09
***** 78 9F 42 02 09 78 9F 43 01 02 9F 44 01 00 90 00
IFD - 00 B2 07 14 00
ICC - 70 11 5F 20 0E 4D 54 49 50 36 35 20 4D 43 44 20
***** 32 30 41 90 00
IFD - 00 B2 08 14 00
ICC - 70 2C 8F 01 EF 92 23 E7 D8 15 C6 50 FB 14 05 F6
***** 0E 62 E1 10 31 9F B0 5F F7 A6 CF 67 83 DB 25 F7
***** F4 93 A3 FD 61 DA AC 41 48 6B 9F 32 01 03 90 00
IFD - 00 B2 01 24 00
ICC - 70 81 FB 9F 46 81 F7 5F C0 01 21 A2 1B 33 4C 94
***** F1 51 1B 70 B1 4F 71 BB 63 43 24 89 3F 87 95 EA
***** B1 F3 B8 BB 01 97 DC AA C7 0E 11 BC C0 85 7C 22
***** 0E 80 5B BA 0E 92 3F 92 A7 29 60 FC 5B 4A 23 16
***** 2B 70 89 70 73 6D 73 6F 04 8D 52 56 51 DF 23 AE
***** 23 3F E8 97 C2 E7 5F 9B 8A 2A 59 ED 93 BC A2 8F
***** CB 8A 4B C9 C0 7D 4F C4 10 2E 27 B2 7B 53 20 90
***** 62 A9 38 5E 4D 8D 75 89 43 44 28 34 75 A3 9B 48
***** 9B 5C CC 4A 09 1C CE 6B 66 2C D3 11 F9 0B C9 32
***** EA 4C C6 4A 35 79 AC F2 10 E6 49 AF D0 16 85 8A
***** 06 AF 03 C2 D2 7B F0 27 8F 49 44 CA EB 3F EB 12
***** BE 60 2A 2B 04 5B 6F 5C 39 AF BB EC ED EB 05 FA
***** 89 F3 B8 E1 67 D4 A1 61 07 62 63 EC 44 B9 09 8B
***** 3D E2 98 D8 27 F2 3E 14 F7 AB FF BE 59 7E A6 79
***** 9D 2A 08 6B 6D 26 80 23 46 20 B7 9D 75 6C 33 88
***** 41 6F 79 F2 F3 F2 C6 1E AD 4C 78 47 1F F0 90 00
IFD - 00 B2 02 24 00
ICC - 70 18 9F 47 01 03 9F 48 0B C6 B6 CA 1F 26 C6 BB
***** BE AB 8C 1D 9F 49 03 9F 37 04 90 00
IFD - 80 AE 80 00 2D 00 00 00 01 00 00 00 00 00 00 00
***** 00 01 12 80 00 04 80 00 09 33 22 07 22 01 CD F6
***** 82 AF 14 00 00 42 03 00 48 00 11 22 33 44 55 66
***** 77 88
ICC - 77 29 9F 27 01 80 9F 36 02 00 15 9F 10 12 01 10
***** A0 00 00 20 00 00 00 00 00 00 00 00 00 00 00 FF
***** 9F 26 08 8C 2C DC B2 07 F7 BC EB 90 00
IFD - 80 AE 40 00 1D 00 00 00 00 00 00 00 00 00 00 30
***** 30 80 00 04 80 00 CD F6 82 AF 00 00 00 00 00 00
***** 00 00
ICC - 77 29 9F 27 01 40 9F 36 02 00 15 9F 10 12 01 10
***** 60 00 00 20 00 00 00 00 00 00 00 00 00 00 00 FF
***** 9F 26 08 08 E5 E1 EE 9C 78 03 CF 90 00
*End of log file
*Checksum:a675f2e2c5e6388a382b48c90c19cae8c638aab21035231299